INFO:     Started server process [2076]
INFO:     Waiting for application startup.
Warning: You are sending unauthenticated requests to the HF Hub. Please set a HF_TOKEN to enable higher rate limits and faster downloads.
Loading weights:   0%|          | 0/201 [00:00<?, ?it/s]Loading weights: 100%|##########| 201/201 [00:00<00:00, 39001.44it/s]
[1mRobertaForSequenceClassification LOAD REPORT[0m from: cardiffnlp/twitter-roberta-base-sentiment-latest
Key                             | Status     |  | 
--------------------------------+------------+--+-
roberta.pooler.dense.weight     | UNEXPECTED |  | 
roberta.pooler.dense.bias       | UNEXPECTED |  | 
roberta.embeddings.position_ids | UNEXPECTED |  | 

[3mNotes:
- UNEXPECTED[3m	:can be ignored when loading from different task/architecture; not ok if you expect identical arch.[0m
Loading weights:   0%|          | 0/201 [00:00<?, ?it/s]Loading weights: 100%|##########| 201/201 [00:00<00:00, 6770.33it/s]
[1mBertForSequenceClassification LOAD REPORT[0m from: unitary/toxic-bert
Key                          | Status     |  | 
-----------------------------+------------+--+-
bert.embeddings.position_ids | UNEXPECTED |  | 

[3mNotes:
- UNEXPECTED[3m	:can be ignored when loading from different task/architecture; not ok if you expect identical arch.[0m
Loading weights:   0%|          | 0/515 [00:00<?, ?it/s]Loading weights: 100%|##########| 515/515 [00:00<00:00, 6417.46it/s]
INFO:     Application startup complete.
INFO:     Uvicorn running on http://0.0.0.0:8000 (Press CTRL+C to quit)
